<?xml version="1.0" encoding="UTF-8"?>
<!-- Generated by org.testng.reporters.JUnitXMLReporter -->
<testsuite hostname="LAPTOP-PE32G410" ignored="0" name="Surefire test" tests="2" failures="1" timestamp="2019-10-31T16:21:02 EDT" time="0.728" errors="0">
  <testcase name="invalidLogin" time="0.004" classname="com.swtestacademy.TestNGProject">
    <failure type="java.lang.AssertionError" message="did not expect to find [true] but found [false]">
      <![CDATA[java.lang.AssertionError: did not expect to find [true] but found [false]
at com.swtestacademy.TestNGProject.invalidLogin(TestNGProject.java:59)
at java.util.ArrayList.forEach(ArrayList.java:1257)
... Removed 36 stack frames]]>
    </failure>
  </testcase> <!-- invalidLogin -->
  <testcase name="validLogin" time="0.0" classname="com.swtestacademy.TestNGProject"/>
</testsuite> <!-- Surefire test -->
