-------------------------------------------------------------------------------
Test set: TestSuite
-------------------------------------------------------------------------------
Tests run: 2, Failures: 1, Errors: 0, Skipped: 0, Time elapsed: 2.687 s <<< FAILURE! - in TestSuite
invalidLogin(com.swtestacademy.TestNGProject)  Time elapsed: 0.018 s  <<< FAILURE!
java.lang.AssertionError: did not expect to find [true] but found [false]
	at com.swtestacademy.TestNGProject.invalidLogin(TestNGProject.java:59)

